<?xml version="1.0" encoding="UTF-8"?>
<!-- Generated by org.testng.reporters.JUnitXMLReporter -->
<testsuite hostname="LAPTOP-CATGFBKU" name="Login Chrome using Excel" tests="4" failures="0" timestamp="9 Dec 2019 13:59:50 GMT" time="117.974" errors="0">
  <testcase name="fbLogin" time="23.701" classname="com.test.LoginFunctionExcel"/>
  <testcase name="fbLogin" time="28.46" classname="com.test.LoginFunctionExcel"/>
  <testcase name="fbLogin" time="14.094" classname="com.test.LoginFunctionExcel"/>
  <testcase name="fbLogin" time="15.267" classname="com.test.LoginFunctionExcel"/>
</testsuite> <!-- Login Chrome using Excel -->
