<?xml version="1.0" encoding="UTF-8"?>
<!-- Generated by org.testng.reporters.JUnitXMLReporter -->
<testsuite hostname="LAPTOP-CATGFBKU" name="Default test" tests="4" failures="0" timestamp="9 Dec 2019 14:14:34 GMT" time="90.438" errors="0">
  <testcase name="fbLogin" time="13.434" classname="com.test.LoginFunctionExcel"/>
  <testcase name="fbLogin" time="14.604" classname="com.test.LoginFunctionExcel"/>
  <testcase name="fbLogin" time="13.561" classname="com.test.LoginFunctionExcel"/>
  <testcase name="fbLogin" time="4.765" classname="com.test.LoginFunctionExcel"/>
</testsuite> <!-- Default test -->
