<?xml version="1.0" encoding="UTF-8"?>
<testng-results skipped="0" failed="0" total="2" passed="2">
  <reporter-output>
  </reporter-output>
  <suite name="Default suite" duration-ms="53" started-at="2019-12-10T05:22:24Z" finished-at="2019-12-10T05:22:24Z">
    <groups>
    </groups>
    <test name="Default test" duration-ms="53" started-at="2019-12-10T05:22:24Z" finished-at="2019-12-10T05:22:24Z">
      <class name="InterviewQuestions.StatMethods">
        <test-method status="PASS" signature="bfClass()[pri:0, instance:InterviewQuestions.StatMethods@643b1d11]" name="bfClass" is-config="true" duration-ms="13" started-at="2019-12-10T10:52:24Z" finished-at="2019-12-10T10:52:24Z">
          <reporter-output>
          </reporter-output>
        </test-method> <!-- bfClass -->
        <test-method status="PASS" signature="bfMethod()[pri:0, instance:InterviewQuestions.StatMethods@643b1d11]" name="bfMethod" is-config="true" duration-ms="1" started-at="2019-12-10T10:52:24Z" finished-at="2019-12-10T10:52:24Z">
          <reporter-output>
          </reporter-output>
        </test-method> <!-- bfMethod -->
        <test-method status="PASS" signature="test1()[pri:0, instance:InterviewQuestions.StatMethods@643b1d11]" name="test1" duration-ms="9" started-at="2019-12-10T10:52:24Z" finished-at="2019-12-10T10:52:24Z">
          <reporter-output>
          </reporter-output>
        </test-method> <!-- test1 -->
        <test-method status="PASS" signature="afMethod()[pri:0, instance:InterviewQuestions.StatMethods@643b1d11]" name="afMethod" is-config="true" duration-ms="0" started-at="2019-12-10T10:52:24Z" finished-at="2019-12-10T10:52:24Z">
          <reporter-output>
          </reporter-output>
        </test-method> <!-- afMethod -->
        <test-method status="PASS" signature="bfMethod()[pri:0, instance:InterviewQuestions.StatMethods@643b1d11]" name="bfMethod" is-config="true" duration-ms="1" started-at="2019-12-10T10:52:24Z" finished-at="2019-12-10T10:52:24Z">
          <reporter-output>
          </reporter-output>
        </test-method> <!-- bfMethod -->
        <test-method status="PASS" signature="test2()[pri:0, instance:InterviewQuestions.StatMethods@643b1d11]" name="test2" duration-ms="2" started-at="2019-12-10T10:52:24Z" finished-at="2019-12-10T10:52:24Z">
          <reporter-output>
          </reporter-output>
        </test-method> <!-- test2 -->
        <test-method status="PASS" signature="afMethod()[pri:0, instance:InterviewQuestions.StatMethods@643b1d11]" name="afMethod" is-config="true" duration-ms="0" started-at="2019-12-10T10:52:24Z" finished-at="2019-12-10T10:52:24Z">
          <reporter-output>
          </reporter-output>
        </test-method> <!-- afMethod -->
        <test-method status="PASS" signature="afClass()[pri:0, instance:InterviewQuestions.StatMethods@643b1d11]" name="afClass" is-config="true" duration-ms="0" started-at="2019-12-10T10:52:24Z" finished-at="2019-12-10T10:52:24Z">
          <reporter-output>
          </reporter-output>
        </test-method> <!-- afClass -->
      </class> <!-- InterviewQuestions.StatMethods -->
    </test> <!-- Default test -->
  </suite> <!-- Default suite -->
</testng-results>
