<?xml version="1.0" encoding="UTF-8"?>
<!-- Generated by org.testng.reporters.JUnitXMLReporter -->
<testsuite hostname="LAPTOP-CATGFBKU" name="Login" tests="4" failures="0" timestamp="4 Dec 2019 10:01:30 GMT" time="98.95" errors="0">
  <testcase name="fbLogin" time="13.683" classname="com.test.LoginFunctionExcel"/>
  <testcase name="fbLogin" time="14.292" classname="com.test.LoginFunctionExcel"/>
  <testcase name="fbLogin" time="13.646" classname="com.test.LoginFunctionExcel"/>
  <testcase name="fbLogin" time="13.49" classname="com.test.LoginFunctionExcel"/>
</testsuite> <!-- Login -->
